# JRE version: Java(TM) SE Runtime Environment (17.0.6+9) (build 17.0.6+9-LTS-190)
# Java VM: Java HotSpot(TM) 64-Bit Server VM (17.0.6+9-LTS-190, mixed mode, sharing, tiered, compressed oops, compressed class ptrs, g1 gc, windows-amd64)
GC Precious Log:
 CPUs: 8 total, 8 available
 Memory: 8038M
 Large Page Support: Disabled
 NUMA Support: Disabled
 Compressed Oops: Enabled (32-bit)
 Heap Region Size: 1M
 Heap Min Capacity: 8M
 Heap Initial Capacity: 126M
 Heap Max Capacity: 2010M
 Pre-touch: Disabled
 Parallel Workers: 8
 Concurrent Workers: 2
 Concurrent Refinement Workers: 8
 Periodic GC: Disabled
Heap:
 garbage-first heap   total 58368K, used 38658K [0x0000000082600000, 0x0000000100000000)
  region size 1024K, 12 young (12288K), 3 survivors (3072K)
 Metaspace       used 28284K, committed 28544K, reserved 1081344K
  class space    used 4045K, committed 4160K, reserved 1048576K
GC Heap History (14 events):
Event: 0.960 GC heap before
{Heap before GC invocations=0 (full 0):
 garbage-first heap   total 129024K, used 22528K [0x0000000082600000, 0x0000000100000000)
  region size 1024K, 23 young (23552K), 0 survivors (0K)
 Metaspace       used 5141K, committed 5376K, reserved 1056768K
  class space    used 620K, committed 704K, reserved 1048576K
}
Event: 0.973 GC heap after
{Heap after GC invocations=1 (full 0):
 garbage-first heap   total 129024K, used 3168K [0x0000000082600000, 0x0000000100000000)
  region size 1024K, 3 young (3072K), 3 survivors (3072K)
 Metaspace       used 5141K, committed 5376K, reserved 1056768K
  class space    used 620K, committed 704K, reserved 1048576K
}
Event: 3.290 GC heap before
{Heap before GC invocations=1 (full 0):
 garbage-first heap   total 129024K, used 33888K [0x0000000082600000, 0x0000000100000000)
  region size 1024K, 33 young (33792K), 3 survivors (3072K)
 Metaspace       used 17213K, committed 17408K, reserved 1064960K
  class space    used 2190K, committed 2304K, reserved 1048576K
}
Event: 3.320 GC heap after
{Heap after GC invocations=2 (full 0):
 garbage-first heap   total 129024K, used 8461K [0x0000000082600000, 0x0000000100000000)
  region size 1024K, 5 young (5120K), 5 survivors (5120K)
 Metaspace       used 17213K, committed 17408K, reserved 1064960K
  class space    used 2190K, committed 2304K, reserved 1048576K
}
Event: 4.542 GC heap before
{Heap before GC invocations=2 (full 0):
 garbage-first heap   total 129024K, used 27917K [0x0000000082600000, 0x0000000100000000)
  region size 1024K, 25 young (25600K), 5 survivors (5120K)
 Metaspace       used 21297K, committed 21504K, reserved 1073152K
  class space    used 2980K, committed 3072K, reserved 1048576K
}
Event: 4.559 GC heap after
{Heap after GC invocations=3 (full 0):
 garbage-first heap   total 129024K, used 11805K [0x0000000082600000, 0x0000000100000000)
  region size 1024K, 9 young (9216K), 9 survivors (9216K)
 Metaspace       used 21297K, committed 21504K, reserved 1073152K
  class space    used 2980K, committed 3072K, reserved 1048576K
}
Event: 5.654 GC heap before
{Heap before GC invocations=4 (full 0):
 garbage-first heap   total 48128K, used 30237K [0x0000000082600000, 0x0000000100000000)
  region size 1024K, 28 young (28672K), 9 survivors (9216K)
 Metaspace       used 24972K, committed 25216K, reserved 1073152K
  class space    used 3624K, committed 3712K, reserved 1048576K
}
Event: 5.678 GC heap after
{Heap after GC invocations=5 (full 0):
 garbage-first heap   total 48128K, used 14953K [0x0000000082600000, 0x0000000100000000)
  region size 1024K, 4 young (4096K), 4 survivors (4096K)
 Metaspace       used 24972K, committed 25216K, reserved 1073152K
  class space    used 3624K, committed 3712K, reserved 1048576K
}
Event: 6.591 GC heap before
{Heap before GC invocations=5 (full 0):
 garbage-first heap   total 48128K, used 32361K [0x0000000082600000, 0x0000000100000000)
  region size 1024K, 21 young (21504K), 4 survivors (4096K)
 Metaspace       used 26460K, committed 26752K, reserved 1073152K
  class space    used 3896K, committed 4032K, reserved 1048576K
}
Event: 6.609 GC heap after
{Heap after GC invocations=6 (full 0):
 garbage-first heap   total 58368K, used 18624K [0x0000000082600000, 0x0000000100000000)
  region size 1024K, 3 young (3072K), 3 survivors (3072K)
 Metaspace       used 26460K, committed 26752K, reserved 1073152K
  class space    used 3896K, committed 4032K, reserved 1048576K
}
Event: 8.412 GC heap before
{Heap before GC invocations=6 (full 0):
 garbage-first heap   total 58368K, used 40128K [0x0000000082600000, 0x0000000100000000)
  region size 1024K, 24 young (24576K), 3 survivors (3072K)
 Metaspace       used 27215K, committed 27520K, reserved 1073152K
  class space    used 3964K, committed 4096K, reserved 1048576K
}
Event: 8.440 GC heap after
{Heap after GC invocations=7 (full 0):
 garbage-first heap   total 58368K, used 24330K [0x0000000082600000, 0x0000000100000000)
  region size 1024K, 3 young (3072K), 3 survivors (3072K)
 Metaspace       used 27215K, committed 27520K, reserved 1073152K
  class space    used 3964K, committed 4096K, reserved 1048576K
}
Event: 9.504 GC heap before
{Heap before GC invocations=7 (full 0):
 garbage-first heap   total 58368K, used 40714K [0x0000000082600000, 0x0000000100000000)
  region size 1024K, 19 young (19456K), 3 survivors (3072K)
 Metaspace       used 27681K, committed 27968K, reserved 1073152K
  class space    used 3996K, committed 4096K, reserved 1048576K
}
Event: 9.523 GC heap after
{Heap after GC invocations=8 (full 0):
 garbage-first heap   total 58368K, used 30466K [0x0000000082600000, 0x0000000100000000)
  region size 1024K, 3 young (3072K), 3 survivors (3072K)
 Metaspace       used 27681K, committed 27968K, reserved 1073152K
  class space    used 3996K, committed 4096K, reserved 1048576K
}

