# JRE version: Java(TM) SE Runtime Environment (17.0.6+9) (build 17.0.6+9-LTS-190)
# Java VM: Java HotSpot(TM) 64-Bit Server VM (17.0.6+9-LTS-190, mixed mode, sharing, tiered, compressed oops, compressed class ptrs, g1 gc, windows-amd64)
GC Precious Log:
 CPUs: 8 total, 8 available
 Memory: 8038M
 Large Page Support: Disabled
 NUMA Support: Disabled
 Compressed Oops: Enabled (32-bit)
 Heap Region Size: 1M
 Heap Min Capacity: 8M
 Heap Initial Capacity: 126M
 Heap Max Capacity: 2010M
 Pre-touch: Disabled
 Parallel Workers: 8
 Concurrent Workers: 2
 Concurrent Refinement Workers: 8
 Periodic GC: Disabled
Heap:
 garbage-first heap   total 65536K, used 37978K [0x0000000082600000, 0x0000000100000000)
  region size 1024K, 10 young (10240K), 3 survivors (3072K)
 Metaspace       used 29678K, committed 30016K, reserved 1081344K
  class space    used 4112K, committed 4288K, reserved 1048576K
GC Heap History (20 events):
Event: 4.608 GC heap before
{Heap before GC invocations=2 (full 0):
 garbage-first heap   total 129024K, used 22039K [0x0000000082600000, 0x0000000100000000)
  region size 1024K, 19 young (19456K), 5 survivors (5120K)
 Metaspace       used 21318K, committed 21504K, reserved 1073152K
  class space    used 2908K, committed 3008K, reserved 1048576K
}
Event: 4.620 GC heap after
{Heap after GC invocations=3 (full 0):
 garbage-first heap   total 129024K, used 10303K [0x0000000082600000, 0x0000000100000000)
  region size 1024K, 7 young (7168K), 7 survivors (7168K)
 Metaspace       used 21318K, committed 21504K, reserved 1073152K
  class space    used 2908K, committed 3008K, reserved 1048576K
}
Event: 6.042 GC heap before
{Heap before GC invocations=4 (full 0):
 garbage-first heap   total 40960K, used 27711K [0x0000000082600000, 0x0000000100000000)
  region size 1024K, 24 young (24576K), 7 survivors (7168K)
 Metaspace       used 24560K, committed 24768K, reserved 1073152K
  class space    used 3622K, committed 3712K, reserved 1048576K
}
Event: 6.056 GC heap after
{Heap after GC invocations=5 (full 0):
 garbage-first heap   total 40960K, used 11993K [0x0000000082600000, 0x0000000100000000)
  region size 1024K, 3 young (3072K), 3 survivors (3072K)
 Metaspace       used 24560K, committed 24768K, reserved 1073152K
  class space    used 3622K, committed 3712K, reserved 1048576K
}
Event: 6.119 GC heap before
{Heap before GC invocations=5 (full 0):
 garbage-first heap   total 40960K, used 13017K [0x0000000082600000, 0x0000000100000000)
  region size 1024K, 4 young (4096K), 3 survivors (3072K)
 Metaspace       used 24742K, committed 25024K, reserved 1073152K
  class space    used 3666K, committed 3776K, reserved 1048576K
}
Event: 6.129 GC heap after
{Heap after GC invocations=6 (full 0):
 garbage-first heap   total 40960K, used 12725K [0x0000000082600000, 0x0000000100000000)
  region size 1024K, 1 young (1024K), 1 survivors (1024K)
 Metaspace       used 24742K, committed 25024K, reserved 1073152K
  class space    used 3666K, committed 3776K, reserved 1048576K
}
Event: 7.423 GC heap before
{Heap before GC invocations=6 (full 0):
 garbage-first heap   total 40960K, used 29109K [0x0000000082600000, 0x0000000100000000)
  region size 1024K, 17 young (17408K), 1 survivors (1024K)
 Metaspace       used 25714K, committed 25984K, reserved 1073152K
  class space    used 3768K, committed 3904K, reserved 1048576K
}
Event: 7.437 GC heap after
{Heap after GC invocations=7 (full 0):
 garbage-first heap   total 40960K, used 17408K [0x0000000082600000, 0x0000000100000000)
  region size 1024K, 3 young (3072K), 3 survivors (3072K)
 Metaspace       used 25714K, committed 25984K, reserved 1073152K
  class space    used 3768K, committed 3904K, reserved 1048576K
}
Event: 8.185 GC heap before
{Heap before GC invocations=7 (full 0):
 garbage-first heap   total 40960K, used 29696K [0x0000000082600000, 0x0000000100000000)
  region size 1024K, 15 young (15360K), 3 survivors (3072K)
 Metaspace       used 26108K, committed 26432K, reserved 1073152K
  class space    used 3793K, committed 3968K, reserved 1048576K
}
Event: 8.201 GC heap after
{Heap after GC invocations=8 (full 0):
 garbage-first heap   total 40960K, used 21736K [0x0000000082600000, 0x0000000100000000)
  region size 1024K, 2 young (2048K), 2 survivors (2048K)
 Metaspace       used 26108K, committed 26432K, reserved 1073152K
  class space    used 3793K, committed 3968K, reserved 1048576K
}
Event: 8.667 GC heap before
{Heap before GC invocations=8 (full 0):
 garbage-first heap   total 40960K, used 28904K [0x0000000082600000, 0x0000000100000000)
  region size 1024K, 9 young (9216K), 2 survivors (2048K)
 Metaspace       used 26310K, committed 26688K, reserved 1073152K
  class space    used 3808K, committed 3968K, reserved 1048576K
}
Event: 8.682 GC heap after
{Heap after GC invocations=9 (full 0):
 garbage-first heap   total 40960K, used 24725K [0x0000000082600000, 0x0000000100000000)
  region size 1024K, 2 young (2048K), 2 survivors (2048K)
 Metaspace       used 26310K, committed 26688K, reserved 1073152K
  class space    used 3808K, committed 3968K, reserved 1048576K
}
Event: 9.475 GC heap before
{Heap before GC invocations=10 (full 0):
 garbage-first heap   total 45056K, used 29845K [0x0000000082600000, 0x0000000100000000)
  region size 1024K, 7 young (7168K), 2 survivors (2048K)
 Metaspace       used 27114K, committed 27456K, reserved 1073152K
  class space    used 3892K, committed 4032K, reserved 1048576K
}
Event: 9.485 GC heap after
{Heap after GC invocations=11 (full 0):
 garbage-first heap   total 45056K, used 26565K [0x0000000082600000, 0x0000000100000000)
  region size 1024K, 1 young (1024K), 1 survivors (1024K)
 Metaspace       used 27114K, committed 27456K, reserved 1073152K
  class space    used 3892K, committed 4032K, reserved 1048576K
}
Event: 9.574 GC heap before
{Heap before GC invocations=11 (full 0):
 garbage-first heap   total 45056K, used 27589K [0x0000000082600000, 0x0000000100000000)
  region size 1024K, 3 young (3072K), 1 survivors (1024K)
 Metaspace       used 27383K, committed 27776K, reserved 1073152K
  class space    used 3914K, committed 4096K, reserved 1048576K
}
Event: 9.583 GC heap after
{Heap after GC invocations=12 (full 0):
 garbage-first heap   total 65536K, used 27145K [0x0000000082600000, 0x0000000100000000)
  region size 1024K, 1 young (1024K), 1 survivors (1024K)
 Metaspace       used 27383K, committed 27776K, reserved 1073152K
  class space    used 3914K, committed 4096K, reserved 1048576K
}
Event: 9.994 GC heap before
{Heap before GC invocations=12 (full 0):
 garbage-first heap   total 65536K, used 30217K [0x0000000082600000, 0x0000000100000000)
  region size 1024K, 3 young (3072K), 1 survivors (1024K)
 Metaspace       used 27782K, committed 28160K, reserved 1081344K
  class space    used 3967K, committed 4160K, reserved 1048576K
}
Event: 9.996 GC heap after
{Heap after GC invocations=13 (full 0):
 garbage-first heap   total 65536K, used 27143K [0x0000000082600000, 0x0000000100000000)
  region size 1024K, 1 young (1024K), 1 survivors (1024K)
 Metaspace       used 27782K, committed 28160K, reserved 1081344K
  class space    used 3967K, committed 4160K, reserved 1048576K
}
Event: 26.257 GC heap before
{Heap before GC invocations=13 (full 0):
 garbage-first heap   total 65536K, used 46599K [0x0000000082600000, 0x0000000100000000)
  region size 1024K, 19 young (19456K), 1 survivors (1024K)
 Metaspace       used 29423K, committed 29696K, reserved 1081344K
  class space    used 4098K, committed 4224K, reserved 1048576K
}
Event: 26.272 GC heap after
{Heap after GC invocations=14 (full 0):
 garbage-first heap   total 65536K, used 31834K [0x0000000082600000, 0x0000000100000000)
  region size 1024K, 3 young (3072K), 3 survivors (3072K)
 Metaspace       used 29423K, committed 29696K, reserved 1081344K
  class space    used 4098K, committed 4224K, reserved 1048576K
}

