# JRE version: Java(TM) SE Runtime Environment (17.0.6+9) (build 17.0.6+9-LTS-190)
# Java VM: Java HotSpot(TM) 64-Bit Server VM (17.0.6+9-LTS-190, mixed mode, sharing, tiered, compressed oops, compressed class ptrs, g1 gc, windows-amd64)
GC Precious Log:
 CPUs: 8 total, 8 available
 Memory: 8038M
 Large Page Support: Disabled
 NUMA Support: Disabled
 Compressed Oops: Enabled (32-bit)
 Heap Region Size: 1M
 Heap Min Capacity: 8M
 Heap Initial Capacity: 126M
 Heap Max Capacity: 2010M
 Pre-touch: Disabled
 Parallel Workers: 8
 Concurrent Workers: 2
 Concurrent Refinement Workers: 8
 Periodic GC: Disabled
Heap:
 garbage-first heap   total 61440K, used 43096K [0x0000000082600000, 0x0000000100000000)
  region size 1024K, 9 young (9216K), 2 survivors (2048K)
 Metaspace       used 30007K, committed 30272K, reserved 1081344K
  class space    used 4204K, committed 4288K, reserved 1048576K
GC Heap History (20 events):
Event: 4.264 GC heap before
{Heap before GC invocations=1 (full 0):
 garbage-first heap   total 129024K, used 34880K [0x0000000082600000, 0x0000000100000000)
  region size 1024K, 34 young (34816K), 3 survivors (3072K)
 Metaspace       used 17545K, committed 17792K, reserved 1064960K
  class space    used 2245K, committed 2368K, reserved 1048576K
}
Event: 4.280 GC heap after
{Heap after GC invocations=2 (full 0):
 garbage-first heap   total 129024K, used 8492K [0x0000000082600000, 0x0000000100000000)
  region size 1024K, 5 young (5120K), 5 survivors (5120K)
 Metaspace       used 17545K, committed 17792K, reserved 1064960K
  class space    used 2245K, committed 2368K, reserved 1048576K
}
Event: 5.426 GC heap before
{Heap before GC invocations=2 (full 0):
 garbage-first heap   total 129024K, used 26924K [0x0000000082600000, 0x0000000100000000)
  region size 1024K, 24 young (24576K), 5 survivors (5120K)
 Metaspace       used 21287K, committed 21504K, reserved 1073152K
  class space    used 2971K, committed 3072K, reserved 1048576K
}
Event: 5.438 GC heap after
{Heap after GC invocations=3 (full 0):
 garbage-first heap   total 129024K, used 11564K [0x0000000082600000, 0x0000000100000000)
  region size 1024K, 8 young (8192K), 8 survivors (8192K)
 Metaspace       used 21287K, committed 21504K, reserved 1073152K
  class space    used 2971K, committed 3072K, reserved 1048576K
}
Event: 6.423 GC heap before
{Heap before GC invocations=4 (full 0):
 garbage-first heap   total 45056K, used 29996K [0x0000000082600000, 0x0000000100000000)
  region size 1024K, 26 young (26624K), 8 survivors (8192K)
 Metaspace       used 24880K, committed 25152K, reserved 1073152K
  class space    used 3596K, committed 3712K, reserved 1048576K
}
Event: 6.440 GC heap after
{Heap after GC invocations=5 (full 0):
 garbage-first heap   total 45056K, used 14577K [0x0000000082600000, 0x0000000100000000)
  region size 1024K, 4 young (4096K), 4 survivors (4096K)
 Metaspace       used 24880K, committed 25152K, reserved 1073152K
  class space    used 3596K, committed 3712K, reserved 1048576K
}
Event: 6.498 GC heap before
{Heap before GC invocations=5 (full 0):
 garbage-first heap   total 45056K, used 14577K [0x0000000082600000, 0x0000000100000000)
  region size 1024K, 5 young (5120K), 4 survivors (4096K)
 Metaspace       used 25078K, committed 25344K, reserved 1073152K
  class space    used 3643K, committed 3776K, reserved 1048576K
}
Event: 6.502 GC heap after
{Heap after GC invocations=6 (full 0):
 garbage-first heap   total 45056K, used 15228K [0x0000000082600000, 0x0000000100000000)
  region size 1024K, 1 young (1024K), 1 survivors (1024K)
 Metaspace       used 25078K, committed 25344K, reserved 1073152K
  class space    used 3643K, committed 3776K, reserved 1048576K
}
Event: 6.992 GC heap before
{Heap before GC invocations=6 (full 0):
 garbage-first heap   total 45056K, used 30588K [0x0000000082600000, 0x0000000100000000)
  region size 1024K, 16 young (16384K), 1 survivors (1024K)
 Metaspace       used 26435K, committed 26688K, reserved 1073152K
  class space    used 3893K, committed 4032K, reserved 1048576K
}
Event: 6.998 GC heap after
{Heap after GC invocations=7 (full 0):
 garbage-first heap   total 45056K, used 18984K [0x0000000082600000, 0x0000000100000000)
  region size 1024K, 2 young (2048K), 2 survivors (2048K)
 Metaspace       used 26435K, committed 26688K, reserved 1073152K
  class space    used 3893K, committed 4032K, reserved 1048576K
}
Event: 7.341 GC heap before
{Heap before GC invocations=7 (full 0):
 garbage-first heap   total 45056K, used 31272K [0x0000000082600000, 0x0000000100000000)
  region size 1024K, 14 young (14336K), 2 survivors (2048K)
 Metaspace       used 26799K, committed 27008K, reserved 1073152K
  class space    used 3941K, committed 4032K, reserved 1048576K
}
Event: 7.350 GC heap after
{Heap after GC invocations=8 (full 0):
 garbage-first heap   total 56320K, used 22528K [0x0000000082600000, 0x0000000100000000)
  region size 1024K, 2 young (2048K), 2 survivors (2048K)
 Metaspace       used 26799K, committed 27008K, reserved 1073152K
  class space    used 3941K, committed 4032K, reserved 1048576K
}
Event: 7.965 GC heap before
{Heap before GC invocations=8 (full 0):
 garbage-first heap   total 56320K, used 39936K [0x0000000082600000, 0x0000000100000000)
  region size 1024K, 19 young (19456K), 2 survivors (2048K)
 Metaspace       used 27340K, committed 27648K, reserved 1073152K
  class space    used 3973K, committed 4096K, reserved 1048576K
}
Event: 7.979 GC heap after
{Heap after GC invocations=9 (full 0):
 garbage-first heap   total 56320K, used 27534K [0x0000000082600000, 0x0000000100000000)
  region size 1024K, 3 young (3072K), 3 survivors (3072K)
 Metaspace       used 27340K, committed 27648K, reserved 1073152K
  class space    used 3973K, committed 4096K, reserved 1048576K
}
Event: 8.840 GC heap before
{Heap before GC invocations=9 (full 0):
 garbage-first heap   total 56320K, used 40846K [0x0000000082600000, 0x0000000100000000)
  region size 1024K, 16 young (16384K), 3 survivors (3072K)
 Metaspace       used 27836K, committed 28160K, reserved 1073152K
  class space    used 4008K, committed 4160K, reserved 1048576K
}
Event: 8.851 GC heap after
{Heap after GC invocations=10 (full 0):
 garbage-first heap   total 56320K, used 31182K [0x0000000082600000, 0x0000000100000000)
  region size 1024K, 2 young (2048K), 2 survivors (2048K)
 Metaspace       used 27836K, committed 28160K, reserved 1073152K
  class space    used 4008K, committed 4160K, reserved 1048576K
}
Event: 9.255 GC heap before
{Heap before GC invocations=10 (full 0):
 garbage-first heap   total 56320K, used 36302K [0x0000000082600000, 0x0000000100000000)
  region size 1024K, 8 young (8192K), 2 survivors (2048K)
 Metaspace       used 28859K, committed 29184K, reserved 1081344K
  class space    used 4113K, committed 4224K, reserved 1048576K
}
Event: 9.266 GC heap after
{Heap after GC invocations=11 (full 0):
 garbage-first heap   total 56320K, used 33441K [0x0000000082600000, 0x0000000100000000)
  region size 1024K, 2 young (2048K), 2 survivors (2048K)
 Metaspace       used 28859K, committed 29184K, reserved 1081344K
  class space    used 4113K, committed 4224K, reserved 1048576K
}
Event: 13.143 GC heap before
{Heap before GC invocations=12 (full 0):
 garbage-first heap   total 61440K, used 43681K [0x0000000082600000, 0x0000000100000000)
  region size 1024K, 11 young (11264K), 2 survivors (2048K)
 Metaspace       used 29645K, committed 29888K, reserved 1081344K
  class space    used 4190K, committed 4288K, reserved 1048576K
}
Event: 13.151 GC heap after
{Heap after GC invocations=13 (full 0):
 garbage-first heap   total 61440K, used 36952K [0x0000000082600000, 0x0000000100000000)
  region size 1024K, 2 young (2048K), 2 survivors (2048K)
 Metaspace       used 29645K, committed 29888K, reserved 1081344K
  class space    used 4190K, committed 4288K, reserved 1048576K
}

