# JRE version: Java(TM) SE Runtime Environment (17.0.6+9) (build 17.0.6+9-LTS-190)
# Java VM: Java HotSpot(TM) 64-Bit Server VM (17.0.6+9-LTS-190, mixed mode, sharing, tiered, compressed oops, compressed class ptrs, g1 gc, windows-amd64)
GC Precious Log:
 CPUs: 8 total, 8 available
 Memory: 8038M
 Large Page Support: Disabled
 NUMA Support: Disabled
 Compressed Oops: Enabled (32-bit)
 Heap Region Size: 1M
 Heap Min Capacity: 8M
 Heap Initial Capacity: 126M
 Heap Max Capacity: 2010M
 Pre-touch: Disabled
 Parallel Workers: 8
 Concurrent Workers: 2
 Concurrent Refinement Workers: 8
 Periodic GC: Disabled
Heap:
 garbage-first heap   total 71680K, used 40526K [0x0000000082600000, 0x0000000100000000)
  region size 1024K, 7 young (7168K), 1 survivors (1024K)
 Metaspace       used 30231K, committed 30528K, reserved 1081344K
  class space    used 4194K, committed 4288K, reserved 1048576K
GC Heap History (20 events):
Event: 8.690 GC heap before
{Heap before GC invocations=2 (full 0):
 garbage-first heap   total 129024K, used 27643K [0x0000000082600000, 0x0000000100000000)
  region size 1024K, 25 young (25600K), 5 survivors (5120K)
 Metaspace       used 21269K, committed 21504K, reserved 1073152K
  class space    used 2972K, committed 3072K, reserved 1048576K
}
Event: 8.703 GC heap after
{Heap after GC invocations=3 (full 0):
 garbage-first heap   total 129024K, used 11396K [0x0000000082600000, 0x0000000100000000)
  region size 1024K, 9 young (9216K), 9 survivors (9216K)
 Metaspace       used 21269K, committed 21504K, reserved 1073152K
  class space    used 2972K, committed 3072K, reserved 1048576K
}
Event: 12.977 GC heap before
{Heap before GC invocations=4 (full 0):
 garbage-first heap   total 45056K, used 31876K [0x0000000082600000, 0x0000000100000000)
  region size 1024K, 31 young (31744K), 9 survivors (9216K)
 Metaspace       used 25576K, committed 25792K, reserved 1073152K
  class space    used 3744K, committed 3840K, reserved 1048576K
}
Event: 12.996 GC heap after
{Heap after GC invocations=5 (full 0):
 garbage-first heap   total 47104K, used 14784K [0x0000000082600000, 0x0000000100000000)
  region size 1024K, 7 young (7168K), 7 survivors (7168K)
 Metaspace       used 25576K, committed 25792K, reserved 1073152K
  class space    used 3744K, committed 3840K, reserved 1048576K
}
Event: 13.518 GC heap before
{Heap before GC invocations=5 (full 0):
 garbage-first heap   total 47104K, used 32192K [0x0000000082600000, 0x0000000100000000)
  region size 1024K, 24 young (24576K), 7 survivors (7168K)
 Metaspace       used 26631K, committed 26880K, reserved 1073152K
  class space    used 3936K, committed 4032K, reserved 1048576K
}
Event: 13.534 GC heap after
{Heap after GC invocations=6 (full 0):
 garbage-first heap   total 47104K, used 18782K [0x0000000082600000, 0x0000000100000000)
  region size 1024K, 3 young (3072K), 3 survivors (3072K)
 Metaspace       used 26631K, committed 26880K, reserved 1073152K
  class space    used 3936K, committed 4032K, reserved 1048576K
}
Event: 14.184 GC heap before
{Heap before GC invocations=6 (full 0):
 garbage-first heap   total 47104K, used 32094K [0x0000000082600000, 0x0000000100000000)
  region size 1024K, 16 young (16384K), 3 survivors (3072K)
 Metaspace       used 27072K, committed 27392K, reserved 1073152K
  class space    used 3954K, committed 4096K, reserved 1048576K
}
Event: 14.194 GC heap after
{Heap after GC invocations=7 (full 0):
 garbage-first heap   total 47104K, used 22515K [0x0000000082600000, 0x0000000100000000)
  region size 1024K, 2 young (2048K), 2 survivors (2048K)
 Metaspace       used 27072K, committed 27392K, reserved 1073152K
  class space    used 3954K, committed 4096K, reserved 1048576K
}
Event: 14.644 GC heap before
{Heap before GC invocations=7 (full 0):
 garbage-first heap   total 47104K, used 33779K [0x0000000082600000, 0x0000000100000000)
  region size 1024K, 13 young (13312K), 2 survivors (2048K)
 Metaspace       used 27349K, committed 27648K, reserved 1073152K
  class space    used 3974K, committed 4096K, reserved 1048576K
}
Event: 14.666 GC heap after
{Heap after GC invocations=8 (full 0):
 garbage-first heap   total 47104K, used 26619K [0x0000000082600000, 0x0000000100000000)
  region size 1024K, 2 young (2048K), 2 survivors (2048K)
 Metaspace       used 27349K, committed 27648K, reserved 1073152K
  class space    used 3974K, committed 4096K, reserved 1048576K
}
Event: 14.985 GC heap before
{Heap before GC invocations=8 (full 0):
 garbage-first heap   total 47104K, used 34811K [0x0000000082600000, 0x0000000100000000)
  region size 1024K, 10 young (10240K), 2 survivors (2048K)
 Metaspace       used 27623K, committed 27840K, reserved 1073152K
  class space    used 3994K, committed 4096K, reserved 1048576K
}
Event: 15.001 GC heap after
{Heap after GC invocations=9 (full 0):
 garbage-first heap   total 47104K, used 29825K [0x0000000082600000, 0x0000000100000000)
  region size 1024K, 2 young (2048K), 2 survivors (2048K)
 Metaspace       used 27623K, committed 27840K, reserved 1073152K
  class space    used 3994K, committed 4096K, reserved 1048576K
}
Event: 15.396 GC heap before
{Heap before GC invocations=10 (full 0):
 garbage-first heap   total 55296K, used 34945K [0x0000000082600000, 0x0000000100000000)
  region size 1024K, 7 young (7168K), 2 survivors (2048K)
 Metaspace       used 27872K, committed 28224K, reserved 1073152K
  class space    used 4008K, committed 4160K, reserved 1048576K
}
Event: 15.407 GC heap after
{Heap after GC invocations=11 (full 0):
 garbage-first heap   total 55296K, used 30915K [0x0000000082600000, 0x0000000100000000)
  region size 1024K, 1 young (1024K), 1 survivors (1024K)
 Metaspace       used 27872K, committed 28224K, reserved 1073152K
  class space    used 4008K, committed 4160K, reserved 1048576K
}
Event: 16.184 GC heap before
{Heap before GC invocations=11 (full 0):
 garbage-first heap   total 55296K, used 36035K [0x0000000082600000, 0x0000000100000000)
  region size 1024K, 7 young (7168K), 1 survivors (1024K)
 Metaspace       used 28881K, committed 29184K, reserved 1081344K
  class space    used 4113K, committed 4224K, reserved 1048576K
}
Event: 16.210 GC heap after
{Heap after GC invocations=12 (full 0):
 garbage-first heap   total 71680K, used 32671K [0x0000000082600000, 0x0000000100000000)
  region size 1024K, 2 young (2048K), 2 survivors (2048K)
 Metaspace       used 28881K, committed 29184K, reserved 1081344K
  class space    used 4113K, committed 4224K, reserved 1048576K
}
Event: 226.370 GC heap before
{Heap before GC invocations=12 (full 0):
 garbage-first heap   total 71680K, used 53151K [0x0000000082600000, 0x0000000100000000)
  region size 1024K, 20 young (20480K), 2 survivors (2048K)
 Metaspace       used 29792K, committed 30080K, reserved 1081344K
  class space    used 4176K, committed 4288K, reserved 1048576K
}
Event: 226.373 GC heap after
{Heap after GC invocations=13 (full 0):
 garbage-first heap   total 71680K, used 35162K [0x0000000082600000, 0x0000000100000000)
  region size 1024K, 1 young (1024K), 1 survivors (1024K)
 Metaspace       used 29792K, committed 30080K, reserved 1081344K
  class space    used 4176K, committed 4288K, reserved 1048576K
}
Event: 488.651 GC heap before
{Heap before GC invocations=13 (full 0):
 garbage-first heap   total 71680K, used 53594K [0x0000000082600000, 0x0000000100000000)
  region size 1024K, 19 young (19456K), 1 survivors (1024K)
 Metaspace       used 30152K, committed 30400K, reserved 1081344K
  class space    used 4191K, committed 4288K, reserved 1048576K
}
Event: 488.654 GC heap after
{Heap after GC invocations=14 (full 0):
 garbage-first heap   total 71680K, used 35406K [0x0000000082600000, 0x0000000100000000)
  region size 1024K, 1 young (1024K), 1 survivors (1024K)
 Metaspace       used 30152K, committed 30400K, reserved 1081344K
  class space    used 4191K, committed 4288K, reserved 1048576K
}

